2017-09-18 00:00:04,625 [http-nio-11007-exec-9] ERROR o.a.c.v.AccessLogValve - Failed to create directory [/apps/boot/logs] for access logs
2017-09-18 00:00:04,630 [http-nio-11007-exec-9] ERROR o.a.c.v.AccessLogValve - Failed to create directory [/apps/boot/logs] for access logs
2017-09-18 00:00:04,630 [http-nio-11007-exec-9] ERROR o.a.c.v.AccessLogValve - Failed to open access log file [/apps/boot/logs/access_log.2017-09-18.log]
java.io.FileNotFoundException: /apps/boot/logs/access_log.2017-09-18.log (No such file or directory)
	at java.io.FileOutputStream.open0(Native Method)
	at java.io.FileOutputStream.open(FileOutputStream.java:270)
	at java.io.FileOutputStream.<init>(FileOutputStream.java:213)
	at org.apache.catalina.valves.AccessLogValve.open(AccessLogValve.java:585)
	at org.apache.catalina.valves.AccessLogValve.rotate(AccessLogValve.java:383)
	at org.apache.catalina.valves.AccessLogValve.log(AccessLogValve.java:523)
	at org.apache.catalina.valves.AbstractAccessLogValve.log(AbstractAccessLogValve.java:656)
	at org.apache.catalina.core.AccessLogAdapter.log(AccessLogAdapter.java:48)
	at org.apache.catalina.core.StandardEngine.logAccess(StandardEngine.java:279)
	at org.apache.catalina.core.ContainerBase.logAccess(ContainerBase.java:1072)
	at org.apache.catalina.core.ContainerBase.logAccess(ContainerBase.java:1072)
	at org.apache.catalina.connector.CoyoteAdapter.asyncDispatch(CoyoteAdapter.java:281)
	at org.apache.coyote.AbstractProcessor.dispatch(AbstractProcessor.java:221)
	at org.apache.coyote.AbstractProcessorLight.process(AbstractProcessorLight.java:53)
	at org.apache.coyote.AbstractProtocol$ConnectionHandler.process(AbstractProtocol.java:861)
	at org.apache.tomcat.util.net.NioEndpoint$SocketProcessor.doRun(NioEndpoint.java:1455)
	at org.apache.tomcat.util.net.SocketProcessorBase.run(SocketProcessorBase.java:49)
	at java.util.concurrent.ThreadPoolExecutor.runWorker(ThreadPoolExecutor.java:1149)
	at java.util.concurrent.ThreadPoolExecutor$Worker.run(ThreadPoolExecutor.java:624)
	at org.apache.tomcat.util.threads.TaskThread$WrappingRunnable.run(TaskThread.java:61)
	at java.lang.Thread.run(Thread.java:748)
2017-09-18 00:00:09,591 [pool-14-thread-1] INFO  d.c.b.a.n.LoggingNotifier - Application INFRA-SPRING-BOOT-ADMIN (3f4580ef) is OFFLINE
2017-09-18 00:00:20,591 [pool-14-thread-1] INFO  d.c.b.a.n.LoggingNotifier - Application INFRA-SPRING-BOOT-ADMIN (3f4580ef) is OFFLINE
2017-09-18 00:00:26,655 [http-nio-11007-exec-7] INFO  o.s.c.c.c.ConfigServicePropertySourceLocator - Fetching config from server at: http://192.168.99.100:8888/
2017-09-18 00:00:26,839 [http-nio-11007-exec-7] INFO  o.s.c.c.c.ConfigServicePropertySourceLocator - Located environment: name=infra-spring-boot-admin, profiles=[docker], label=master, version=null, state=null
2017-09-18 00:00:31,591 [pool-14-thread-1] INFO  d.c.b.a.n.LoggingNotifier - Application INFRA-SPRING-BOOT-ADMIN (3f4580ef) is OFFLINE
2017-09-18 00:00:42,590 [pool-14-thread-1] INFO  d.c.b.a.n.LoggingNotifier - Application INFRA-SPRING-BOOT-ADMIN (3f4580ef) is OFFLINE
2017-09-18 00:00:53,590 [pool-14-thread-1] INFO  d.c.b.a.n.LoggingNotifier - Application INFRA-SPRING-BOOT-ADMIN (3f4580ef) is OFFLINE
2017-09-18 00:01:04,587 [pool-14-thread-1] INFO  d.c.b.a.n.LoggingNotifier - Application INFRA-SPRING-BOOT-ADMIN (3f4580ef) is OFFLINE
2017-09-18 00:01:14,588 [pool-14-thread-1] INFO  d.c.b.a.n.LoggingNotifier - Application INFRA-SPRING-BOOT-ADMIN (3f4580ef) is OFFLINE
2017-09-18 00:01:25,589 [pool-14-thread-1] INFO  d.c.b.a.n.LoggingNotifier - Application INFRA-SPRING-BOOT-ADMIN (3f4580ef) is OFFLINE
2017-09-18 00:01:36,588 [pool-14-thread-1] INFO  d.c.b.a.n.LoggingNotifier - Application INFRA-SPRING-BOOT-ADMIN (3f4580ef) is OFFLINE
2017-09-18 00:01:46,589 [pool-14-thread-1] INFO  d.c.b.a.n.LoggingNotifier - Application INFRA-SPRING-BOOT-ADMIN (3f4580ef) is OFFLINE
2017-09-18 00:01:57,588 [pool-14-thread-1] INFO  d.c.b.a.n.LoggingNotifier - Application INFRA-SPRING-BOOT-ADMIN (3f4580ef) is OFFLINE
2017-09-18 00:02:08,587 [pool-14-thread-1] INFO  d.c.b.a.n.LoggingNotifier - Application INFRA-SPRING-BOOT-ADMIN (3f4580ef) is OFFLINE
2017-09-18 00:02:19,587 [pool-14-thread-1] INFO  d.c.b.a.n.LoggingNotifier - Application INFRA-SPRING-BOOT-ADMIN (3f4580ef) is OFFLINE
2017-09-18 00:02:30,586 [pool-14-thread-1] INFO  d.c.b.a.n.LoggingNotifier - Application INFRA-SPRING-BOOT-ADMIN (3f4580ef) is OFFLINE
2017-09-18 00:02:41,586 [pool-14-thread-1] INFO  d.c.b.a.n.LoggingNotifier - Application INFRA-SPRING-BOOT-ADMIN (3f4580ef) is OFFLINE
2017-09-18 00:02:52,586 [pool-14-thread-1] INFO  d.c.b.a.n.LoggingNotifier - Application INFRA-SPRING-BOOT-ADMIN (3f4580ef) is OFFLINE
2017-09-18 00:03:03,586 [pool-14-thread-1] INFO  d.c.b.a.n.LoggingNotifier - Application INFRA-SPRING-BOOT-ADMIN (3f4580ef) is OFFLINE
2017-09-18 00:03:14,585 [pool-14-thread-1] INFO  d.c.b.a.n.LoggingNotifier - Application INFRA-SPRING-BOOT-ADMIN (3f4580ef) is OFFLINE
2017-09-18 00:03:24,586 [pool-14-thread-1] INFO  d.c.b.a.n.LoggingNotifier - Application INFRA-SPRING-BOOT-ADMIN (3f4580ef) is OFFLINE
2017-09-18 00:03:35,584 [pool-14-thread-1] INFO  d.c.b.a.n.LoggingNotifier - Application INFRA-SPRING-BOOT-ADMIN (3f4580ef) is OFFLINE
2017-09-18 00:03:45,585 [pool-14-thread-1] INFO  d.c.b.a.n.LoggingNotifier - Application INFRA-SPRING-BOOT-ADMIN (3f4580ef) is OFFLINE
2017-09-18 00:03:56,584 [pool-14-thread-1] INFO  d.c.b.a.n.LoggingNotifier - Application INFRA-SPRING-BOOT-ADMIN (3f4580ef) is OFFLINE
2017-09-18 00:04:06,509 [AsyncResolver-bootstrap-executor-0] INFO  c.n.d.s.r.a.ConfigClusterResolver - Resolving eureka endpoints via configuration
2017-09-18 00:04:07,582 [pool-14-thread-1] INFO  d.c.b.a.n.LoggingNotifier - Application INFRA-SPRING-BOOT-ADMIN (3f4580ef) is OFFLINE
2017-09-18 00:04:17,583 [pool-14-thread-1] INFO  d.c.b.a.n.LoggingNotifier - Application INFRA-SPRING-BOOT-ADMIN (3f4580ef) is OFFLINE
2017-09-18 00:04:28,583 [pool-14-thread-1] INFO  d.c.b.a.n.LoggingNotifier - Application INFRA-SPRING-BOOT-ADMIN (3f4580ef) is OFFLINE
2017-09-18 00:04:39,583 [pool-14-thread-1] INFO  d.c.b.a.n.LoggingNotifier - Application INFRA-SPRING-BOOT-ADMIN (3f4580ef) is OFFLINE
2017-09-18 00:04:50,583 [pool-14-thread-1] INFO  d.c.b.a.n.LoggingNotifier - Application INFRA-SPRING-BOOT-ADMIN (3f4580ef) is OFFLINE
2017-09-18 00:05:01,587 [pool-14-thread-1] INFO  d.c.b.a.n.LoggingNotifier - Application INFRA-SPRING-BOOT-ADMIN (3f4580ef) is OFFLINE
2017-09-18 00:05:12,581 [pool-14-thread-1] INFO  d.c.b.a.n.LoggingNotifier - Application INFRA-SPRING-BOOT-ADMIN (3f4580ef) is OFFLINE
2017-09-18 00:05:23,581 [pool-14-thread-1] INFO  d.c.b.a.n.LoggingNotifier - Application INFRA-SPRING-BOOT-ADMIN (3f4580ef) is OFFLINE
2017-09-18 00:05:34,581 [pool-14-thread-1] INFO  d.c.b.a.n.LoggingNotifier - Application INFRA-SPRING-BOOT-ADMIN (3f4580ef) is OFFLINE
2017-09-18 00:05:45,580 [pool-14-thread-1] INFO  d.c.b.a.n.LoggingNotifier - Application INFRA-SPRING-BOOT-ADMIN (3f4580ef) is OFFLINE
2017-09-18 00:05:46,646 [http-nio-11007-exec-7] INFO  o.s.c.c.c.ConfigServicePropertySourceLocator - Fetching config from server at: http://192.168.99.100:8888/
2017-09-18 00:05:46,804 [http-nio-11007-exec-7] INFO  o.s.c.c.c.ConfigServicePropertySourceLocator - Located environment: name=infra-spring-boot-admin, profiles=[docker], label=master, version=null, state=null
2017-09-18 00:05:56,580 [pool-14-thread-1] INFO  d.c.b.a.n.LoggingNotifier - Application INFRA-SPRING-BOOT-ADMIN (3f4580ef) is OFFLINE
2017-09-18 00:06:07,580 [pool-14-thread-1] INFO  d.c.b.a.n.LoggingNotifier - Application INFRA-SPRING-BOOT-ADMIN (3f4580ef) is OFFLINE
2017-09-18 00:06:18,578 [pool-14-thread-1] INFO  d.c.b.a.n.LoggingNotifier - Application INFRA-SPRING-BOOT-ADMIN (3f4580ef) is OFFLINE
2017-09-18 00:06:28,580 [pool-14-thread-1] INFO  d.c.b.a.n.LoggingNotifier - Application INFRA-SPRING-BOOT-ADMIN (3f4580ef) is OFFLINE
2017-09-18 00:06:39,579 [pool-14-thread-1] INFO  d.c.b.a.n.LoggingNotifier - Application INFRA-SPRING-BOOT-ADMIN (3f4580ef) is OFFLINE
2017-09-18 00:06:50,578 [pool-14-thread-1] INFO  d.c.b.a.n.LoggingNotifier - Application INFRA-SPRING-BOOT-ADMIN (3f4580ef) is OFFLINE
2017-09-18 00:07:01,578 [pool-14-thread-1] INFO  d.c.b.a.n.LoggingNotifier - Application INFRA-SPRING-BOOT-ADMIN (3f4580ef) is OFFLINE
2017-09-18 00:07:12,578 [pool-14-thread-1] INFO  d.c.b.a.n.LoggingNotifier - Application INFRA-SPRING-BOOT-ADMIN (3f4580ef) is OFFLINE
2017-09-18 00:07:23,578 [pool-14-thread-1] INFO  d.c.b.a.n.LoggingNotifier - Application INFRA-SPRING-BOOT-ADMIN (3f4580ef) is OFFLINE
2017-09-18 00:07:34,578 [pool-14-thread-1] INFO  d.c.b.a.n.LoggingNotifier - Application INFRA-SPRING-BOOT-ADMIN (3f4580ef) is OFFLINE
2017-09-18 00:07:45,577 [pool-14-thread-1] INFO  d.c.b.a.n.LoggingNotifier - Application INFRA-SPRING-BOOT-ADMIN (3f4580ef) is OFFLINE
2017-09-18 00:07:56,577 [pool-14-thread-1] INFO  d.c.b.a.n.LoggingNotifier - Application INFRA-SPRING-BOOT-ADMIN (3f4580ef) is OFFLINE
2017-09-18 00:08:06,577 [pool-14-thread-1] INFO  d.c.b.a.n.LoggingNotifier - Application INFRA-SPRING-BOOT-ADMIN (3f4580ef) is OFFLINE
2017-09-18 00:08:17,575 [pool-14-thread-1] INFO  d.c.b.a.n.LoggingNotifier - Application INFRA-SPRING-BOOT-ADMIN (3f4580ef) is OFFLINE
2017-09-18 00:08:28,574 [pool-14-thread-1] INFO  d.c.b.a.n.LoggingNotifier - Application INFRA-SPRING-BOOT-ADMIN (3f4580ef) is OFFLINE
2017-09-18 00:08:38,576 [pool-14-thread-1] INFO  d.c.b.a.n.LoggingNotifier - Application INFRA-SPRING-BOOT-ADMIN (3f4580ef) is OFFLINE
2017-09-18 00:08:49,577 [pool-14-thread-1] INFO  d.c.b.a.n.LoggingNotifier - Application INFRA-SPRING-BOOT-ADMIN (3f4580ef) is OFFLINE
2017-09-18 00:09:00,575 [pool-14-thread-1] INFO  d.c.b.a.n.LoggingNotifier - Application INFRA-SPRING-BOOT-ADMIN (3f4580ef) is OFFLINE
2017-09-18 00:09:06,505 [AsyncResolver-bootstrap-executor-0] INFO  c.n.d.s.r.a.ConfigClusterResolver - Resolving eureka endpoints via configuration
2017-09-18 00:09:11,574 [pool-14-thread-1] INFO  d.c.b.a.n.LoggingNotifier - Application INFRA-SPRING-BOOT-ADMIN (3f4580ef) is OFFLINE
2017-09-18 00:09:22,574 [pool-14-thread-1] INFO  d.c.b.a.n.LoggingNotifier - Application INFRA-SPRING-BOOT-ADMIN (3f4580ef) is OFFLINE
2017-09-18 00:09:33,572 [pool-14-thread-1] INFO  d.c.b.a.n.LoggingNotifier - Application INFRA-SPRING-BOOT-ADMIN (3f4580ef) is OFFLINE
2017-09-18 00:09:43,573 [pool-14-thread-1] INFO  d.c.b.a.n.LoggingNotifier - Application INFRA-SPRING-BOOT-ADMIN (3f4580ef) is OFFLINE
2017-09-18 00:09:54,573 [pool-14-thread-1] INFO  d.c.b.a.n.LoggingNotifier - Application INFRA-SPRING-BOOT-ADMIN (3f4580ef) is OFFLINE
2017-09-18 00:10:05,573 [pool-14-thread-1] INFO  d.c.b.a.n.LoggingNotifier - Application INFRA-SPRING-BOOT-ADMIN (3f4580ef) is OFFLINE
2017-09-18 00:10:16,570 [pool-14-thread-1] INFO  d.c.b.a.n.LoggingNotifier - Application INFRA-SPRING-BOOT-ADMIN (3f4580ef) is OFFLINE
2017-09-18 00:10:26,572 [pool-14-thread-1] INFO  d.c.b.a.n.LoggingNotifier - Application INFRA-SPRING-BOOT-ADMIN (3f4580ef) is OFFLINE
2017-09-18 00:10:37,572 [pool-14-thread-1] INFO  d.c.b.a.n.LoggingNotifier - Application INFRA-SPRING-BOOT-ADMIN (3f4580ef) is OFFLINE
2017-09-18 00:10:48,571 [pool-14-thread-1] INFO  d.c.b.a.n.LoggingNotifier - Application INFRA-SPRING-BOOT-ADMIN (3f4580ef) is OFFLINE
2017-09-18 00:10:59,571 [pool-14-thread-1] INFO  d.c.b.a.n.LoggingNotifier - Application INFRA-SPRING-BOOT-ADMIN (3f4580ef) is OFFLINE
2017-09-18 00:11:06,636 [http-nio-11007-exec-3] INFO  o.s.c.c.c.ConfigServicePropertySourceLocator - Fetching config from server at: http://192.168.99.100:8888/
2017-09-18 00:11:06,759 [http-nio-11007-exec-3] INFO  o.s.c.c.c.ConfigServicePropertySourceLocator - Located environment: name=infra-spring-boot-admin, profiles=[docker], label=master, version=null, state=null
2017-09-18 00:11:10,568 [pool-14-thread-1] INFO  d.c.b.a.n.LoggingNotifier - Application INFRA-SPRING-BOOT-ADMIN (3f4580ef) is OFFLINE
2017-09-18 00:11:21,571 [pool-14-thread-1] INFO  d.c.b.a.n.LoggingNotifier - Application INFRA-SPRING-BOOT-ADMIN (3f4580ef) is OFFLINE
2017-09-18 00:11:32,570 [pool-14-thread-1] INFO  d.c.b.a.n.LoggingNotifier - Application INFRA-SPRING-BOOT-ADMIN (3f4580ef) is OFFLINE
2017-09-18 00:11:43,570 [pool-14-thread-1] INFO  d.c.b.a.n.LoggingNotifier - Application INFRA-SPRING-BOOT-ADMIN (3f4580ef) is OFFLINE
2017-09-18 00:11:54,570 [pool-14-thread-1] INFO  d.c.b.a.n.LoggingNotifier - Application INFRA-SPRING-BOOT-ADMIN (3f4580ef) is OFFLINE
2017-09-18 00:12:05,570 [pool-14-thread-1] INFO  d.c.b.a.n.LoggingNotifier - Application INFRA-SPRING-BOOT-ADMIN (3f4580ef) is OFFLINE
2017-09-18 00:12:16,567 [pool-14-thread-1] INFO  d.c.b.a.n.LoggingNotifier - Application INFRA-SPRING-BOOT-ADMIN (3f4580ef) is OFFLINE
